{"C:\\Projects\\booking-meeting-room-api\\models\\booking.js": {"path":"C:\\Projects\\booking-meeting-room-api\\models\\booking.js","statementMap":{"0":{"start":{"line":1,"column":17},"end":{"line":1,"column":36}},"1":{"start":{"line":3,"column":22},"end":{"line":30,"column":2}},"2":{"start":{"line":32,"column":0},"end":{"line":32,"column":59}}},"fnMap":{},"branchMap":{},"s":{"0":1,"1":1,"2":1},"f":{},"b":{},"_coverageSchema":"1a1c01bbd47fc00a2c39e90264f33305004495a9","hash":"65718f858c5d4ff0f9c77826ede46ebe8623ab28"}
,"C:\\Projects\\booking-meeting-room-api\\models\\office.js": {"path":"C:\\Projects\\booking-meeting-room-api\\models\\office.js","statementMap":{"0":{"start":{"line":1,"column":17},"end":{"line":1,"column":36}},"1":{"start":{"line":3,"column":21},"end":{"line":20,"column":2}},"2":{"start":{"line":22,"column":0},"end":{"line":22,"column":56}}},"fnMap":{},"branchMap":{},"s":{"0":1,"1":1,"2":1},"f":{},"b":{},"_coverageSchema":"1a1c01bbd47fc00a2c39e90264f33305004495a9","hash":"ea69f259047968bd687defe5ad03cd51da8f9460"}
,"C:\\Projects\\booking-meeting-room-api\\models\\room.js": {"path":"C:\\Projects\\booking-meeting-room-api\\models\\room.js","statementMap":{"0":{"start":{"line":1,"column":17},"end":{"line":1,"column":36}},"1":{"start":{"line":3,"column":19},"end":{"line":28,"column":2}},"2":{"start":{"line":30,"column":0},"end":{"line":30,"column":50}}},"fnMap":{},"branchMap":{},"s":{"0":1,"1":1,"2":1},"f":{},"b":{},"_coverageSchema":"1a1c01bbd47fc00a2c39e90264f33305004495a9","hash":"46d90fe752642604bf441459c70d7cbf0398909c"}
,"C:\\Projects\\booking-meeting-room-api\\models\\team.js": {"path":"C:\\Projects\\booking-meeting-room-api\\models\\team.js","statementMap":{"0":{"start":{"line":1,"column":17},"end":{"line":1,"column":36}},"1":{"start":{"line":3,"column":19},"end":{"line":12,"column":2}},"2":{"start":{"line":14,"column":0},"end":{"line":14,"column":50}}},"fnMap":{},"branchMap":{},"s":{"0":2,"1":2,"2":2},"f":{},"b":{},"_coverageSchema":"1a1c01bbd47fc00a2c39e90264f33305004495a9","hash":"f515271059947210a0d723cb6512074dd4628e37"}
,"C:\\Projects\\booking-meeting-room-api\\routes\\bookings.js": {"path":"C:\\Projects\\booking-meeting-room-api\\routes\\bookings.js","statementMap":{"0":{"start":{"line":1,"column":20},"end":{"line":1,"column":48}},"1":{"start":{"line":2,"column":17},"end":{"line":2,"column":42}},"2":{"start":{"line":3,"column":17},"end":{"line":3,"column":42}},"3":{"start":{"line":4,"column":16},"end":{"line":4,"column":34}},"4":{"start":{"line":5,"column":15},"end":{"line":5,"column":31}},"5":{"start":{"line":6,"column":17},"end":{"line":6,"column":36}},"6":{"start":{"line":7,"column":17},"end":{"line":7,"column":47}},"7":{"start":{"line":9,"column":0},"end":{"line":23,"column":3}},"8":{"start":{"line":10,"column":2},"end":{"line":22,"column":3}},"9":{"start":{"line":11,"column":24},"end":{"line":13,"column":25}},"10":{"start":{"line":14,"column":4},"end":{"line":16,"column":5}},"11":{"start":{"line":15,"column":6},"end":{"line":15,"column":54}},"12":{"start":{"line":17,"column":4},"end":{"line":17,"column":30}},"13":{"start":{"line":18,"column":4},"end":{"line":18,"column":38}},"14":{"start":{"line":20,"column":4},"end":{"line":20,"column":25}},"15":{"start":{"line":21,"column":4},"end":{"line":21,"column":77}},"16":{"start":{"line":25,"column":0},"end":{"line":78,"column":3}},"17":{"start":{"line":26,"column":17},"end":{"line":26,"column":32}},"18":{"start":{"line":27,"column":17},"end":{"line":27,"column":32}},"19":{"start":{"line":28,"column":14},"end":{"line":28,"column":26}},"20":{"start":{"line":29,"column":24},"end":{"line":29,"column":46}},"21":{"start":{"line":30,"column":26},"end":{"line":30,"column":50}},"22":{"start":{"line":31,"column":23},"end":{"line":31,"column":44}},"23":{"start":{"line":33,"column":34},"end":{"line":33,"column":118}},"24":{"start":{"line":35,"column":2},"end":{"line":37,"column":3}},"25":{"start":{"line":36,"column":4},"end":{"line":36,"column":106}},"26":{"start":{"line":39,"column":26},"end":{"line":39,"column":72}},"27":{"start":{"line":41,"column":2},"end":{"line":48,"column":3}},"28":{"start":{"line":42,"column":4},"end":{"line":47,"column":5}},"29":{"start":{"line":43,"column":6},"end":{"line":43,"column":59}},"30":{"start":{"line":44,"column":6},"end":{"line":44,"column":93}},"31":{"start":{"line":46,"column":6},"end":{"line":46,"column":53}},"32":{"start":{"line":50,"column":15},"end":{"line":50,"column":42}},"33":{"start":{"line":51,"column":2},"end":{"line":51,"column":57}},"34":{"start":{"line":51,"column":13},"end":{"line":51,"column":57}},"35":{"start":{"line":53,"column":15},"end":{"line":53,"column":42}},"36":{"start":{"line":54,"column":2},"end":{"line":54,"column":57}},"37":{"start":{"line":54,"column":13},"end":{"line":54,"column":57}},"38":{"start":{"line":58,"column":2},"end":{"line":72,"column":3}},"39":{"start":{"line":59,"column":4},"end":{"line":59,"column":30}},"40":{"start":{"line":60,"column":4},"end":{"line":60,"column":42}},"41":{"start":{"line":61,"column":4},"end":{"line":61,"column":46}},"42":{"start":{"line":62,"column":4},"end":{"line":62,"column":40}},"43":{"start":{"line":64,"column":4},"end":{"line":71,"column":7}},"44":{"start":{"line":74,"column":2},"end":{"line":74,"column":33}},"45":{"start":{"line":75,"column":2},"end":{"line":75,"column":78}},"46":{"start":{"line":75,"column":16},"end":{"line":75,"column":78}},"47":{"start":{"line":77,"column":2},"end":{"line":77,"column":27}},"48":{"start":{"line":81,"column":0},"end":{"line":108,"column":3}},"49":{"start":{"line":82,"column":2},"end":{"line":84,"column":3}},"50":{"start":{"line":83,"column":4},"end":{"line":83,"column":54}},"51":{"start":{"line":85,"column":15},"end":{"line":85,"column":51}},"52":{"start":{"line":86,"column":2},"end":{"line":86,"column":57}},"53":{"start":{"line":86,"column":13},"end":{"line":86,"column":57}},"54":{"start":{"line":88,"column":15},"end":{"line":88,"column":51}},"55":{"start":{"line":89,"column":2},"end":{"line":89,"column":57}},"56":{"start":{"line":89,"column":13},"end":{"line":89,"column":57}},"57":{"start":{"line":91,"column":16},"end":{"line":104,"column":3}},"58":{"start":{"line":106,"column":2},"end":{"line":106,"column":77}},"59":{"start":{"line":106,"column":16},"end":{"line":106,"column":77}},"60":{"start":{"line":107,"column":2},"end":{"line":107,"column":27}},"61":{"start":{"line":110,"column":0},"end":{"line":137,"column":3}},"62":{"start":{"line":111,"column":2},"end":{"line":136,"column":3}},"63":{"start":{"line":112,"column":16},"end":{"line":112,"column":40}},"64":{"start":{"line":113,"column":19},"end":{"line":113,"column":36}},"65":{"start":{"line":114,"column":19},"end":{"line":114,"column":36}},"66":{"start":{"line":115,"column":20},"end":{"line":115,"column":66}},"67":{"start":{"line":117,"column":23},"end":{"line":117,"column":25}},"68":{"start":{"line":118,"column":4},"end":{"line":130,"column":5}},"69":{"start":{"line":119,"column":6},"end":{"line":123,"column":8}},"70":{"start":{"line":125,"column":6},"end":{"line":129,"column":8}},"71":{"start":{"line":132,"column":4},"end":{"line":132,"column":34}},"72":{"start":{"line":134,"column":4},"end":{"line":134,"column":25}},"73":{"start":{"line":135,"column":4},"end":{"line":135,"column":57}},"74":{"start":{"line":139,"column":0},"end":{"line":162,"column":3}},"75":{"start":{"line":140,"column":2},"end":{"line":161,"column":3}},"76":{"start":{"line":141,"column":19},"end":{"line":141,"column":36}},"77":{"start":{"line":142,"column":16},"end":{"line":142,"column":40}},"78":{"start":{"line":144,"column":21},"end":{"line":144,"column":56}},"79":{"start":{"line":146,"column":20},"end":{"line":146,"column":61}},"80":{"start":{"line":146,"column":46},"end":{"line":146,"column":60}},"81":{"start":{"line":148,"column":18},"end":{"line":148,"column":60}},"82":{"start":{"line":150,"column":30},"end":{"line":155,"column":6}},"83":{"start":{"line":151,"column":27},"end":{"line":153,"column":7}},"84":{"start":{"line":152,"column":8},"end":{"line":152,"column":39}},"85":{"start":{"line":154,"column":6},"end":{"line":154,"column":60}},"86":{"start":{"line":157,"column":4},"end":{"line":157,"column":32}},"87":{"start":{"line":159,"column":4},"end":{"line":159,"column":25}},"88":{"start":{"line":160,"column":4},"end":{"line":160,"column":50}},"89":{"start":{"line":164,"column":0},"end":{"line":164,"column":24}}},"fnMap":{"0":{"name":"(anonymous_0)","decl":{"start":{"line":9,"column":16},"end":{"line":9,"column":17}},"loc":{"start":{"line":9,"column":36},"end":{"line":23,"column":1}},"line":9},"1":{"name":"(anonymous_1)","decl":{"start":{"line":25,"column":17},"end":{"line":25,"column":18}},"loc":{"start":{"line":25,"column":37},"end":{"line":78,"column":1}},"line":25},"2":{"name":"(anonymous_2)","decl":{"start":{"line":81,"column":19},"end":{"line":81,"column":20}},"loc":{"start":{"line":81,"column":39},"end":{"line":108,"column":1}},"line":81},"3":{"name":"(anonymous_3)","decl":{"start":{"line":110,"column":36},"end":{"line":110,"column":37}},"loc":{"start":{"line":110,"column":56},"end":{"line":137,"column":1}},"line":110},"4":{"name":"(anonymous_4)","decl":{"start":{"line":139,"column":34},"end":{"line":139,"column":35}},"loc":{"start":{"line":139,"column":54},"end":{"line":162,"column":1}},"line":139},"5":{"name":"(anonymous_5)","decl":{"start":{"line":146,"column":33},"end":{"line":146,"column":34}},"loc":{"start":{"line":146,"column":46},"end":{"line":146,"column":60}},"line":146},"6":{"name":"(anonymous_6)","decl":{"start":{"line":150,"column":40},"end":{"line":150,"column":41}},"loc":{"start":{"line":150,"column":50},"end":{"line":155,"column":5}},"line":150},"7":{"name":"(anonymous_7)","decl":{"start":{"line":151,"column":43},"end":{"line":151,"column":44}},"loc":{"start":{"line":152,"column":8},"end":{"line":152,"column":39}},"line":152}},"branchMap":{"0":{"loc":{"start":{"line":14,"column":4},"end":{"line":16,"column":5}},"type":"if","locations":[{"start":{"line":14,"column":4},"end":{"line":16,"column":5}},{"start":{},"end":{}}],"line":14},"1":{"loc":{"start":{"line":35,"column":2},"end":{"line":37,"column":3}},"type":"if","locations":[{"start":{"line":35,"column":2},"end":{"line":37,"column":3}},{"start":{},"end":{}}],"line":35},"2":{"loc":{"start":{"line":41,"column":2},"end":{"line":48,"column":3}},"type":"if","locations":[{"start":{"line":41,"column":2},"end":{"line":48,"column":3}},{"start":{},"end":{}}],"line":41},"3":{"loc":{"start":{"line":41,"column":6},"end":{"line":41,"column":57}},"type":"binary-expr","locations":[{"start":{"line":41,"column":6},"end":{"line":41,"column":20}},{"start":{"line":41,"column":24},"end":{"line":41,"column":40}},{"start":{"line":41,"column":44},"end":{"line":41,"column":57}}],"line":41},"4":{"loc":{"start":{"line":42,"column":4},"end":{"line":47,"column":5}},"type":"if","locations":[{"start":{"line":42,"column":4},"end":{"line":47,"column":5}},{"start":{"line":45,"column":11},"end":{"line":47,"column":5}}],"line":42},"5":{"loc":{"start":{"line":51,"column":2},"end":{"line":51,"column":57}},"type":"if","locations":[{"start":{"line":51,"column":2},"end":{"line":51,"column":57}},{"start":{},"end":{}}],"line":51},"6":{"loc":{"start":{"line":54,"column":2},"end":{"line":54,"column":57}},"type":"if","locations":[{"start":{"line":54,"column":2},"end":{"line":54,"column":57}},{"start":{},"end":{}}],"line":54},"7":{"loc":{"start":{"line":58,"column":2},"end":{"line":72,"column":3}},"type":"if","locations":[{"start":{"line":58,"column":2},"end":{"line":72,"column":3}},{"start":{"line":63,"column":9},"end":{"line":72,"column":3}}],"line":58},"8":{"loc":{"start":{"line":75,"column":2},"end":{"line":75,"column":78}},"type":"if","locations":[{"start":{"line":75,"column":2},"end":{"line":75,"column":78}},{"start":{},"end":{}}],"line":75},"9":{"loc":{"start":{"line":82,"column":2},"end":{"line":84,"column":3}},"type":"if","locations":[{"start":{"line":82,"column":2},"end":{"line":84,"column":3}},{"start":{},"end":{}}],"line":82},"10":{"loc":{"start":{"line":86,"column":2},"end":{"line":86,"column":57}},"type":"if","locations":[{"start":{"line":86,"column":2},"end":{"line":86,"column":57}},{"start":{},"end":{}}],"line":86},"11":{"loc":{"start":{"line":89,"column":2},"end":{"line":89,"column":57}},"type":"if","locations":[{"start":{"line":89,"column":2},"end":{"line":89,"column":57}},{"start":{},"end":{}}],"line":89},"12":{"loc":{"start":{"line":106,"column":2},"end":{"line":106,"column":77}},"type":"if","locations":[{"start":{"line":106,"column":2},"end":{"line":106,"column":77}},{"start":{},"end":{}}],"line":106},"13":{"loc":{"start":{"line":118,"column":4},"end":{"line":130,"column":5}},"type":"if","locations":[{"start":{"line":118,"column":4},"end":{"line":130,"column":5}},{"start":{"line":124,"column":11},"end":{"line":130,"column":5}}],"line":118}},"s":{"0":1,"1":1,"2":1,"3":1,"4":1,"5":1,"6":1,"7":1,"8":0,"9":0,"10":0,"11":0,"12":0,"13":0,"14":0,"15":0,"16":1,"17":1,"18":1,"19":1,"20":1,"21":1,"22":1,"23":1,"24":1,"25":0,"26":1,"27":1,"28":0,"29":0,"30":0,"31":0,"32":1,"33":1,"34":0,"35":1,"36":1,"37":0,"38":1,"39":0,"40":0,"41":0,"42":0,"43":1,"44":1,"45":1,"46":0,"47":1,"48":1,"49":0,"50":0,"51":0,"52":0,"53":0,"54":0,"55":0,"56":0,"57":0,"58":0,"59":0,"60":0,"61":1,"62":0,"63":0,"64":0,"65":0,"66":0,"67":0,"68":0,"69":0,"70":0,"71":0,"72":0,"73":0,"74":1,"75":0,"76":0,"77":0,"78":0,"79":0,"80":0,"81":0,"82":0,"83":0,"84":0,"85":0,"86":0,"87":0,"88":0,"89":1},"f":{"0":0,"1":1,"2":0,"3":0,"4":0,"5":0,"6":0,"7":0},"b":{"0":[0,0],"1":[0,1],"2":[0,1],"3":[1,0,0],"4":[0,0],"5":[0,1],"6":[0,1],"7":[0,1],"8":[0,1],"9":[0,0],"10":[0,0],"11":[0,0],"12":[0,0],"13":[0,0]},"_coverageSchema":"1a1c01bbd47fc00a2c39e90264f33305004495a9","hash":"1c7fc4ed8e1fd7ab19cd290f2f32cc762c179417"}
,"C:\\Projects\\booking-meeting-room-api\\routes\\offices.js": {"path":"C:\\Projects\\booking-meeting-room-api\\routes\\offices.js","statementMap":{"0":{"start":{"line":1,"column":19},"end":{"line":1,"column":46}},"1":{"start":{"line":2,"column":16},"end":{"line":2,"column":34}},"2":{"start":{"line":3,"column":15},"end":{"line":3,"column":31}},"3":{"start":{"line":5,"column":0},"end":{"line":11,"column":3}},"4":{"start":{"line":6,"column":21},"end":{"line":6,"column":40}},"5":{"start":{"line":7,"column":2},"end":{"line":9,"column":3}},"6":{"start":{"line":8,"column":4},"end":{"line":8,"column":45}},"7":{"start":{"line":10,"column":2},"end":{"line":10,"column":35}},"8":{"start":{"line":13,"column":0},"end":{"line":19,"column":3}},"9":{"start":{"line":14,"column":17},"end":{"line":14,"column":53}},"10":{"start":{"line":15,"column":2},"end":{"line":17,"column":3}},"11":{"start":{"line":16,"column":4},"end":{"line":16,"column":92}},"12":{"start":{"line":18,"column":2},"end":{"line":18,"column":31}},"13":{"start":{"line":21,"column":0},"end":{"line":34,"column":3}},"14":{"start":{"line":22,"column":15},"end":{"line":27,"column":4}},"15":{"start":{"line":28,"column":2},"end":{"line":28,"column":31}},"16":{"start":{"line":30,"column":2},"end":{"line":31,"column":62}},"17":{"start":{"line":31,"column":2},"end":{"line":31,"column":62}},"18":{"start":{"line":33,"column":2},"end":{"line":33,"column":19}},"19":{"start":{"line":36,"column":0},"end":{"line":45,"column":3}},"20":{"start":{"line":37,"column":2},"end":{"line":44,"column":4}},"21":{"start":{"line":38,"column":4},"end":{"line":40,"column":5}},"22":{"start":{"line":39,"column":6},"end":{"line":39,"column":83}},"23":{"start":{"line":41,"column":4},"end":{"line":41,"column":79}},"24":{"start":{"line":43,"column":4},"end":{"line":43,"column":77}},"25":{"start":{"line":47,"column":0},"end":{"line":47,"column":24}}},"fnMap":{"0":{"name":"(anonymous_0)","decl":{"start":{"line":5,"column":16},"end":{"line":5,"column":17}},"loc":{"start":{"line":5,"column":36},"end":{"line":11,"column":1}},"line":5},"1":{"name":"(anonymous_1)","decl":{"start":{"line":13,"column":19},"end":{"line":13,"column":20}},"loc":{"start":{"line":13,"column":39},"end":{"line":19,"column":1}},"line":13},"2":{"name":"(anonymous_2)","decl":{"start":{"line":21,"column":17},"end":{"line":21,"column":18}},"loc":{"start":{"line":21,"column":37},"end":{"line":34,"column":1}},"line":21},"3":{"name":"(anonymous_3)","decl":{"start":{"line":36,"column":22},"end":{"line":36,"column":23}},"loc":{"start":{"line":36,"column":42},"end":{"line":45,"column":1}},"line":36},"4":{"name":"(anonymous_4)","decl":{"start":{"line":37,"column":47},"end":{"line":37,"column":48}},"loc":{"start":{"line":37,"column":66},"end":{"line":42,"column":3}},"line":37},"5":{"name":"(anonymous_5)","decl":{"start":{"line":42,"column":11},"end":{"line":42,"column":12}},"loc":{"start":{"line":42,"column":20},"end":{"line":44,"column":3}},"line":42}},"branchMap":{"0":{"loc":{"start":{"line":7,"column":2},"end":{"line":9,"column":3}},"type":"if","locations":[{"start":{"line":7,"column":2},"end":{"line":9,"column":3}},{"start":{},"end":{}}],"line":7},"1":{"loc":{"start":{"line":15,"column":2},"end":{"line":17,"column":3}},"type":"if","locations":[{"start":{"line":15,"column":2},"end":{"line":17,"column":3}},{"start":{},"end":{}}],"line":15},"2":{"loc":{"start":{"line":30,"column":2},"end":{"line":31,"column":62}},"type":"if","locations":[{"start":{"line":30,"column":2},"end":{"line":31,"column":62}},{"start":{},"end":{}}],"line":30},"3":{"loc":{"start":{"line":38,"column":4},"end":{"line":40,"column":5}},"type":"if","locations":[{"start":{"line":38,"column":4},"end":{"line":40,"column":5}},{"start":{},"end":{}}],"line":38}},"s":{"0":1,"1":1,"2":1,"3":1,"4":1,"5":1,"6":0,"7":1,"8":1,"9":1,"10":1,"11":0,"12":1,"13":1,"14":0,"15":0,"16":0,"17":0,"18":0,"19":1,"20":0,"21":0,"22":0,"23":0,"24":0,"25":1},"f":{"0":1,"1":1,"2":0,"3":0,"4":0,"5":0},"b":{"0":[0,1],"1":[0,1],"2":[0,0],"3":[0,0]},"_coverageSchema":"1a1c01bbd47fc00a2c39e90264f33305004495a9","hash":"3afebdef28ce4d1f48fa11955eb149c95ccccced"}
,"C:\\Projects\\booking-meeting-room-api\\routes\\teams.js": {"path":"C:\\Projects\\booking-meeting-room-api\\routes\\teams.js","statementMap":{"0":{"start":{"line":1,"column":17},"end":{"line":1,"column":42}},"1":{"start":{"line":2,"column":16},"end":{"line":2,"column":34}},"2":{"start":{"line":3,"column":15},"end":{"line":3,"column":31}},"3":{"start":{"line":5,"column":0},"end":{"line":11,"column":3}},"4":{"start":{"line":6,"column":19},"end":{"line":6,"column":36}},"5":{"start":{"line":7,"column":2},"end":{"line":9,"column":3}},"6":{"start":{"line":8,"column":4},"end":{"line":8,"column":45}},"7":{"start":{"line":10,"column":2},"end":{"line":10,"column":33}},"8":{"start":{"line":13,"column":0},"end":{"line":19,"column":3}},"9":{"start":{"line":14,"column":15},"end":{"line":14,"column":49}},"10":{"start":{"line":15,"column":2},"end":{"line":17,"column":3}},"11":{"start":{"line":16,"column":4},"end":{"line":16,"column":90}},"12":{"start":{"line":18,"column":2},"end":{"line":18,"column":29}},"13":{"start":{"line":21,"column":0},"end":{"line":32,"column":3}},"14":{"start":{"line":22,"column":13},"end":{"line":25,"column":4}},"15":{"start":{"line":26,"column":2},"end":{"line":26,"column":27}},"16":{"start":{"line":28,"column":2},"end":{"line":29,"column":60}},"17":{"start":{"line":29,"column":2},"end":{"line":29,"column":60}},"18":{"start":{"line":31,"column":2},"end":{"line":31,"column":17}},"19":{"start":{"line":34,"column":0},"end":{"line":34,"column":24}}},"fnMap":{"0":{"name":"(anonymous_0)","decl":{"start":{"line":5,"column":16},"end":{"line":5,"column":17}},"loc":{"start":{"line":5,"column":36},"end":{"line":11,"column":1}},"line":5},"1":{"name":"(anonymous_1)","decl":{"start":{"line":13,"column":19},"end":{"line":13,"column":20}},"loc":{"start":{"line":13,"column":39},"end":{"line":19,"column":1}},"line":13},"2":{"name":"(anonymous_2)","decl":{"start":{"line":21,"column":17},"end":{"line":21,"column":18}},"loc":{"start":{"line":21,"column":37},"end":{"line":32,"column":1}},"line":21}},"branchMap":{"0":{"loc":{"start":{"line":7,"column":2},"end":{"line":9,"column":3}},"type":"if","locations":[{"start":{"line":7,"column":2},"end":{"line":9,"column":3}},{"start":{},"end":{}}],"line":7},"1":{"loc":{"start":{"line":15,"column":2},"end":{"line":17,"column":3}},"type":"if","locations":[{"start":{"line":15,"column":2},"end":{"line":17,"column":3}},{"start":{},"end":{}}],"line":15},"2":{"loc":{"start":{"line":28,"column":2},"end":{"line":29,"column":60}},"type":"if","locations":[{"start":{"line":28,"column":2},"end":{"line":29,"column":60}},{"start":{},"end":{}}],"line":28}},"s":{"0":1,"1":1,"2":1,"3":1,"4":1,"5":1,"6":0,"7":1,"8":1,"9":1,"10":1,"11":0,"12":1,"13":1,"14":0,"15":0,"16":0,"17":0,"18":0,"19":1},"f":{"0":1,"1":1,"2":0},"b":{"0":[0,1],"1":[0,1],"2":[0,0]},"_coverageSchema":"1a1c01bbd47fc00a2c39e90264f33305004495a9","hash":"9a915b64dd66fff210b43a11e6485026f5f78c1c"}
,"C:\\Projects\\booking-meeting-room-api\\utils\\slot.const.js": {"path":"C:\\Projects\\booking-meeting-room-api\\utils\\slot.const.js","statementMap":{"0":{"start":{"line":1,"column":13},"end":{"line":5,"column":3}},"1":{"start":{"line":7,"column":0},"end":{"line":7,"column":26}}},"fnMap":{},"branchMap":{},"s":{"0":1,"1":1},"f":{},"b":{},"_coverageSchema":"1a1c01bbd47fc00a2c39e90264f33305004495a9","hash":"2f1ac79a0ae66002a3ef9b8c25dd0fae9cf03871"}
}
