TN:
SF:models\booking.js
FNF:0
FNH:0
DA:1,1
DA:3,1
DA:32,1
LF:3
LH:3
BRF:0
BRH:0
end_of_record
TN:
SF:models\office.js
FNF:0
FNH:0
DA:1,1
DA:3,1
DA:22,1
LF:3
LH:3
BRF:0
BRH:0
end_of_record
TN:
SF:models\room.js
FNF:0
FNH:0
DA:1,1
DA:3,1
DA:30,1
LF:3
LH:3
BRF:0
BRH:0
end_of_record
TN:
SF:models\team.js
FNF:0
FNH:0
DA:1,2
DA:3,2
DA:14,2
LF:3
LH:3
BRF:0
BRH:0
end_of_record
TN:
SF:routes\bookings.js
FN:9,(anonymous_0)
FN:25,(anonymous_1)
FN:81,(anonymous_2)
FN:110,(anonymous_3)
FN:139,(anonymous_4)
FN:146,(anonymous_5)
FN:150,(anonymous_6)
FN:151,(anonymous_7)
FNF:8
FNH:1
FNDA:0,(anonymous_0)
FNDA:1,(anonymous_1)
FNDA:0,(anonymous_2)
FNDA:0,(anonymous_3)
FNDA:0,(anonymous_4)
FNDA:0,(anonymous_5)
FNDA:0,(anonymous_6)
FNDA:0,(anonymous_7)
DA:1,1
DA:2,1
DA:3,1
DA:4,1
DA:5,1
DA:6,1
DA:7,1
DA:9,1
DA:10,0
DA:11,0
DA:14,0
DA:15,0
DA:17,0
DA:18,0
DA:20,0
DA:21,0
DA:25,1
DA:26,1
DA:27,1
DA:28,1
DA:29,1
DA:30,1
DA:31,1
DA:33,1
DA:35,1
DA:36,0
DA:39,1
DA:41,1
DA:42,0
DA:43,0
DA:44,0
DA:46,0
DA:50,1
DA:51,1
DA:53,1
DA:54,1
DA:58,1
DA:59,0
DA:60,0
DA:61,0
DA:62,0
DA:64,1
DA:74,1
DA:75,1
DA:77,1
DA:81,1
DA:82,0
DA:83,0
DA:85,0
DA:86,0
DA:88,0
DA:89,0
DA:91,0
DA:106,0
DA:107,0
DA:110,1
DA:111,0
DA:112,0
DA:113,0
DA:114,0
DA:115,0
DA:117,0
DA:118,0
DA:119,0
DA:125,0
DA:132,0
DA:134,0
DA:135,0
DA:139,1
DA:140,0
DA:141,0
DA:142,0
DA:144,0
DA:146,0
DA:148,0
DA:150,0
DA:151,0
DA:152,0
DA:154,0
DA:157,0
DA:159,0
DA:160,0
DA:164,1
LF:83
LH:32
BRDA:14,0,0,0
BRDA:14,0,1,0
BRDA:35,1,0,0
BRDA:35,1,1,1
BRDA:41,2,0,0
BRDA:41,2,1,1
BRDA:41,3,0,1
BRDA:41,3,1,0
BRDA:41,3,2,0
BRDA:42,4,0,0
BRDA:42,4,1,0
BRDA:51,5,0,0
BRDA:51,5,1,1
BRDA:54,6,0,0
BRDA:54,6,1,1
BRDA:58,7,0,0
BRDA:58,7,1,1
BRDA:75,8,0,0
BRDA:75,8,1,1
BRDA:82,9,0,0
BRDA:82,9,1,0
BRDA:86,10,0,0
BRDA:86,10,1,0
BRDA:89,11,0,0
BRDA:89,11,1,0
BRDA:106,12,0,0
BRDA:106,12,1,0
BRDA:118,13,0,0
BRDA:118,13,1,0
BRF:29
BRH:7
end_of_record
TN:
SF:routes\offices.js
FN:5,(anonymous_0)
FN:13,(anonymous_1)
FN:21,(anonymous_2)
FN:36,(anonymous_3)
FN:37,(anonymous_4)
FN:42,(anonymous_5)
FNF:6
FNH:2
FNDA:1,(anonymous_0)
FNDA:1,(anonymous_1)
FNDA:0,(anonymous_2)
FNDA:0,(anonymous_3)
FNDA:0,(anonymous_4)
FNDA:0,(anonymous_5)
DA:1,1
DA:2,1
DA:3,1
DA:5,1
DA:6,1
DA:7,1
DA:8,0
DA:10,1
DA:13,1
DA:14,1
DA:15,1
DA:16,0
DA:18,1
DA:21,1
DA:22,0
DA:28,0
DA:30,0
DA:31,0
DA:33,0
DA:36,1
DA:37,0
DA:38,0
DA:39,0
DA:41,0
DA:43,0
DA:47,1
LF:26
LH:14
BRDA:7,0,0,0
BRDA:7,0,1,1
BRDA:15,1,0,0
BRDA:15,1,1,1
BRDA:30,2,0,0
BRDA:30,2,1,0
BRDA:38,3,0,0
BRDA:38,3,1,0
BRF:8
BRH:2
end_of_record
TN:
SF:routes\teams.js
FN:5,(anonymous_0)
FN:13,(anonymous_1)
FN:21,(anonymous_2)
FNF:3
FNH:2
FNDA:1,(anonymous_0)
FNDA:1,(anonymous_1)
FNDA:0,(anonymous_2)
DA:1,1
DA:2,1
DA:3,1
DA:5,1
DA:6,1
DA:7,1
DA:8,0
DA:10,1
DA:13,1
DA:14,1
DA:15,1
DA:16,0
DA:18,1
DA:21,1
DA:22,0
DA:26,0
DA:28,0
DA:29,0
DA:31,0
DA:34,1
LF:20
LH:13
BRDA:7,0,0,0
BRDA:7,0,1,1
BRDA:15,1,0,0
BRDA:15,1,1,1
BRDA:28,2,0,0
BRDA:28,2,1,0
BRF:6
BRH:2
end_of_record
TN:
SF:utils\slot.const.js
FNF:0
FNH:0
DA:1,1
DA:7,1
LF:2
LH:2
BRF:0
BRH:0
end_of_record
